<?xml version="1.0" encoding="UTF-8" ?>
<testsuite errors="0" failures="0" hostname="dina-PC" name="summary.RepairSatisfy" skipped="0" tests="1" time="17.531" timestamp="2018-01-19T01:52:48">
  <properties>
    <property name="java.vendor" value="Oracle Corporation" />
    <property name="libs" value="./libs" />
    <property name="sun.java.launcher" value="SUN_STANDARD" />
    <property name="eclipse.pdebuild.templates" value="/E:/Program Files/eclipse/plugins/org.eclipse.pde.build_3.9.100.v20150521-1524/templates/" />
    <property name="sun.management.compiler" value="HotSpot 64-Bit Tiered Compilers" />
    <property name="os.name" value="Windows 7" />
    <property name="sun.boot.class.path" value="C:\Program Files\Java\jre1.8.0_112\lib\resources.jar;C:\Program Files\Java\jre1.8.0_112\lib\rt.jar;C:\Program Files\Java\jre1.8.0_112\lib\sunrsasign.jar;C:\Program Files\Java\jre1.8.0_112\lib\jsse.jar;C:\Program Files\Java\jre1.8.0_112\lib\jce.jar;C:\Program Files\Java\jre1.8.0_112\lib\charsets.jar;C:\Program Files\Java\jre1.8.0_112\lib\jfr.jar;C:\Program Files\Java\jre1.8.0_112\classes" />
    <property name="sun.desktop" value="windows" />
    <property name="java.vm.specification.vendor" value="Oracle Corporation" />
    <property name="test.failed" value="true" />
    <property name="ant.home" value="E:\Program Files\eclipse\plugins\org.apache.ant_1.9.6.v201510161327" />
    <property name="java.runtime.version" value="1.8.0_112-b15" />
    <property name="user.name" value="dina" />
    <property name="user.language" value="zh" />
    <property name="sun.boot.library.path" value="C:\Program Files\Java\jre1.8.0_112\bin" />
    <property name="ant.project.default-target" value="runUITests" />
    <property name="ant.project.name" value="test" />
    <property name="java.version" value="1.8.0_112" />
    <property name="user.timezone" value="" />
    <property name="bin" value="./bin" />
    <property name="sun.arch.data.model" value="64" />
    <property name="java.endorsed.dirs" value="C:\Program Files\Java\jre1.8.0_112\lib\endorsed" />
    <property name="sun.cpu.isalist" value="amd64" />
    <property name="sun.jnu.encoding" value="GBK" />
    <property name="file.encoding.pkg" value="sun.io" />
    <property name="file.separator" value="\" />
    <property name="java.specification.name" value="Java Platform API Specification" />
    <property name="java.class.version" value="52.0" />
    <property name="src" value="./src" />
    <property name="user.country" value="CN" />
    <property name="java.home" value="C:\Program Files\Java\jre1.8.0_112" />
    <property name="java.vm.info" value="mixed mode" />
    <property name="ant.file" value="F:\shenpp\vspTest\build.xml" />
    <property name="os.version" value="6.1" />
    <property name="path.separator" value=";" />
    <property name="java.vm.version" value="25.112-b15" />
    <property name="user.variant" value="" />
    <property name="ant.library.dir" value="E:\Program Files\eclipse\plugins\org.apache.ant_1.9.6.v201510161327\lib" />
    <property name="java.awt.printerjob" value="sun.awt.windows.WPrinterJob" />
    <property name="sun.io.unicode.encoding" value="UnicodeLittle" />
    <property name="awt.toolkit" value="sun.awt.windows.WToolkit" />
    <property name="user.script" value="" />
    <property name="eclipse.pdebuild.scripts" value="/E:/Program Files/eclipse/plugins/org.eclipse.pde.build_3.9.100.v20150521-1524/scripts/" />
    <property name="user.home" value="C:\Users\dina" />
    <property name="screenshot" value="./screenshot" />
    <property name="java.specification.vendor" value="Oracle Corporation" />
    <property name="java.library.path" value="E:\Program Files\eclipse;C:\Windows\Sun\Java\bin;C:\Windows\system32;C:\Windows;C:/Program Files/Java/jre1.8.0_112/bin/server;C:/Program Files/Java/jre1.8.0_112/bin;C:/Program Files/Java/jre1.8.0_112/lib/amd64;C:\ProgramData\Oracle\Java\javapath;C:\Program Files (x86)\Intel\iCLS Client\;C:\Program Files\Intel\iCLS Client\;C:\Windows\system32;C:\Windows;C:\Windows\System32\Wbem;C:\Windows\System32\WindowsPowerShell\v1.0\;C:\Program Files\Intel\Intel(R) Management Engine Components\DAL;C:\Program Files\Intel\Intel(R) Management Engine Components\IPT;C:\Program Files (x86)\Intel\Intel(R) Management Engine Components\DAL;C:\Program Files (x86)\Intel\Intel(R) Management Engine Components\IPT;C:\Python27;C:\Python27\Scripts;C:\Python27;C:\Program Files\TortoiseSVN\bin;C:\Program Files\Java\jdk1.8.0_112\bin;C:\Program Files\Java\jdk1.8.0_112\jre\bin;E:\Program Files\apache-ant-1.9.6\bin;E:\Program Files\TortoiseGit\bin;E:\Program Files\gradle-2.7\bin;;E:\Program Files\eclipse;;.;E:\Program%20Files\eclipse\configuration\org.eclipse.osgi\751\0\.cp" />
    <property name="java.vendor.url" value="http://java.oracle.com/" />
    <property name="java.vm.vendor" value="Oracle Corporation" />
    <property name="java.runtime.name" value="Java(TM) SE Runtime Environment" />
    <property name="sun.java.command" value="org.eclipse.ant.internal.launching.remote.InternalAntRunner -Dorg.eclipse.ant.core.ANT_PROCESS_ID=1516326185352 -Declipse.connect.port=51432 -Declipse.pdebuild.home=/E:/Program Files/eclipse/plugins/org.eclipse.pde.build_3.9.100.v20150521-1524/./ -Declipse.pdebuild.scripts=/E:/Program Files/eclipse/plugins/org.eclipse.pde.build_3.9.100.v20150521-1524/scripts/ -Declipse.pdebuild.templates=/E:/Program Files/eclipse/plugins/org.eclipse.pde.build_3.9.100.v20150521-1524/templates/ -Dant.home=E:\Program Files\eclipse\plugins\org.apache.ant_1.9.6.v201510161327 -logger org.eclipse.ant.internal.launching.remote.logger.RemoteAntBuildLogger -inputhandler org.eclipse.ant.internal.ui.antsupport.inputhandler.ProxyInputHandler -buildfile F:\shenpp\vspTest\build.xml" />
    <property name="java.class.path" value="E:\Program Files\eclipse\plugins\org.apache.ant_1.9.6.v201510161327\lib\ant-antlr.jar;E:\Program Files\eclipse\plugins\org.apache.ant_1.9.6.v201510161327\lib\ant-apache-bcel.jar;E:\Program Files\eclipse\plugins\org.apache.ant_1.9.6.v201510161327\lib\ant-apache-bsf.jar;E:\Program Files\eclipse\plugins\org.apache.ant_1.9.6.v201510161327\lib\ant-apache-log4j.jar;E:\Program Files\eclipse\plugins\org.apache.ant_1.9.6.v201510161327\lib\ant-apache-oro.jar;E:\Program Files\eclipse\plugins\org.apache.ant_1.9.6.v201510161327\lib\ant-apache-regexp.jar;E:\Program Files\eclipse\plugins\org.apache.ant_1.9.6.v201510161327\lib\ant-apache-resolver.jar;E:\Program Files\eclipse\plugins\org.apache.ant_1.9.6.v201510161327\lib\ant-apache-xalan2.jar;E:\Program Files\eclipse\plugins\org.apache.ant_1.9.6.v201510161327\lib\ant-commons-logging.jar;E:\Program Files\eclipse\plugins\org.apache.ant_1.9.6.v201510161327\lib\ant-commons-net.jar;E:\Program Files\eclipse\plugins\org.apache.ant_1.9.6.v201510161327\lib\ant-jai.jar;E:\Program Files\eclipse\plugins\org.apache.ant_1.9.6.v201510161327\lib\ant-javamail.jar;E:\Program Files\eclipse\plugins\org.apache.ant_1.9.6.v201510161327\lib\ant-jdepend.jar;E:\Program Files\eclipse\plugins\org.apache.ant_1.9.6.v201510161327\lib\ant-jmf.jar;E:\Program Files\eclipse\plugins\org.apache.ant_1.9.6.v201510161327\lib\ant-jsch.jar;E:\Program Files\eclipse\plugins\org.apache.ant_1.9.6.v201510161327\lib\ant-junit.jar;E:\Program Files\eclipse\plugins\org.apache.ant_1.9.6.v201510161327\lib\ant-junit4.jar;E:\Program Files\eclipse\plugins\org.apache.ant_1.9.6.v201510161327\lib\ant-launcher.jar;E:\Program Files\eclipse\plugins\org.apache.ant_1.9.6.v201510161327\lib\ant-netrexx.jar;E:\Program Files\eclipse\plugins\org.apache.ant_1.9.6.v201510161327\lib\ant-swing.jar;E:\Program Files\eclipse\plugins\org.apache.ant_1.9.6.v201510161327\lib\ant-testutil.jar;E:\Program Files\eclipse\plugins\org.apache.ant_1.9.6.v201510161327\lib\ant.jar;E:\Program Files\eclipse\configuration\org.eclipse.osgi\79\0\.cp\lib\antdebug.jar;E:\Program Files\eclipse\configuration\org.eclipse.osgi\79\0\.cp\lib\remote.jar;E:\Program Files\eclipse\configuration\org.eclipse.osgi\80\0\.cp\lib\remoteAnt.jar;C:\Program Files\Java\jdk1.8.0_112\lib\tools.jar;E:\Program Files\eclipse\plugins\org.eclipse.swt.win32.win32.x86_64_3.104.2.v20160212-1350.jar" />
    <property name="ant.version" value="Apache Ant(TM) version 1.9.6 compiled on June 29 2015" />
    <property name="java.vm.specification.name" value="Java Virtual Machine Specification" />
    <property name="java.vm.specification.version" value="1.8" />
    <property name="sun.cpu.endian" value="little" />
    <property name="sun.os.patch.level" value="Service Pack 1" />
    <property name="eclipse.pdebuild.home" value="/E:/Program Files/eclipse/plugins/org.eclipse.pde.build_3.9.100.v20150521-1524/./" />
    <property name="java.io.tmpdir" value="C:\Users\dina\AppData\Local\Temp\" />
    <property name="java.vendor.url.bug" value="http://bugreport.sun.com/bugreport/" />
    <property name="ant.file.test" value="F:\shenpp\vspTest\build.xml" />
    <property name="ant.file.type.test" value="file" />
    <property name="os.arch" value="amd64" />
    <property name="java.awt.graphicsenv" value="sun.awt.Win32GraphicsEnvironment" />
    <property name="java.ext.dirs" value="C:\Program Files\Java\jre1.8.0_112\lib\ext;C:\Windows\Sun\Java\lib\ext" />
    <property name="user.dir" value="F:\shenpp\vspTest" />
    <property name="line.separator" value="&#xd;&#xa;" />
    <property name="java.vm.name" value="Java HotSpot(TM) 64-Bit Server VM" />
    <property name="basedir" value="F:\shenpp\vspTest" />
    <property name="ant.java.version" value="1.8" />
    <property name="ant.core.lib" value="E:\Program Files\eclipse\plugins\org.apache.ant_1.9.6.v201510161327\lib\ant.jar" />
    <property name="file.encoding" value="GBK" />
    <property name="result" value="./result" />
    <property name="java.specification.version" value="1.8" />
    <property name="ant.project.invoked-targets" value="runUITests" />
  </properties>
  <testcase classname="summary.RepairSatisfy" name="repairSatisfy" time="17.521" />
  <system-out><![CDATA[]]></system-out>
  <system-err><![CDATA[]]></system-err>
</testsuite>
